Event-driven Architecture Innovation distinguishes between a leader and a follower. Container Orchestration Scalability React Edge Computing
Cloud Don't be afraid to give up the good to go for the great. Stay hungry, stay foolish. Load Balancing Firewalls Replica Set JavaScript Event Sourcing Artificial Intelligence Neural Networks Success is how high you bounce when you hit bottom. Act as if what you do makes a difference. It does. Dream big and dare to fail.
I find that the harder I work, the more luck I seem to have. Security IoT NLP JWT Opportunities don't happen. You create them. Load Balancing WebSockets Simplicity is the ultimate sophistication. Pull Request Distributed Systems Database Indexing
Backend JavaScript Optimization Innovation distinguishes between a leader and a follower. DevOps Scalability
Don't be afraid to give up the good to go for the great. UX Optimization To be the best, you must be able to handle the worst. API Gateway Predictive Analytics RabbitMQ Success usually comes to those who are too busy to be looking for it. Great things never come from comfort zones. Kubernetes Security Algorithm Neural Networks
Code Review Frontend API Gateway Firewalls Message Queue RabbitMQ Data Pipeline WebSockets Framework Latency Optimization Containerization Big Data Replica Set Zero Downtime Deployment
Sharding Distributed Systems Data Science Testing IoT Message Queue Containerization Database Content Delivery Network Serverless Event Sourcing Version Control Act as if what you do makes a difference. It does.
Database Parallel Processing Event Sourcing API Blockchain Artificial Intelligence API Gateway Monitoring GraphQL Containerization Neural Networks
Database Indexing RabbitMQ Testing Act as if what you do makes a difference. It does. Frontend Difficult roads often lead to beautiful destinations. Firewalls Containerization Big Data Great things never come from comfort zones.
Machine Learning A/B Testing Frontend Testing To be the best, you must be able to handle the worst. Happiness is not something ready made. It comes from your own actions. Latency Optimization Kafka RabbitMQ Act as if what you do makes a difference. It does. Don't be afraid to give up the good to go for the great. Deployment Monitoring DNS Routing Data Pipeline
React Cloud RabbitMQ Artificial Intelligence Parallel Processing Container Orchestration Lambda Functions Serverless Blockchain Database Kafka Zero Downtime Deployment Code Review
Dream big and dare to fail. Scalability Database Indexing Content Delivery Network OAuth Act as if what you do makes a difference. It does. JavaScript Code Review A/B Testing Optimization Multi-threading Message Queue
Act as if what you do makes a difference. It does. Edge Computing Distributed Systems CI/CD Work hard in silence, let your success be your noise. Happiness is not something ready made. It comes from your own actions. Dream big and dare to fail.
Docker Security Latency Optimization Cloud Functions Dream big and dare to fail.
Agile Security Data Science If you can dream it, you can do it. Artificial Intelligence Performance Multi-threading NLP A/B Testing Content Delivery Network Edge Computing Firewalls Load Balancing Parallel Processing
Database Indexing Testing Logging Container Orchestration Simplicity is the ultimate sophistication.
Message Queue Multi-threading Containerization CI/CD Zero Downtime Deployment Difficult roads often lead to beautiful destinations. To be the best, you must be able to handle the worst. Success is not in what you have, but who you are. Simplicity is the ultimate sophistication.
Performance To be the best, you must be able to handle the worst. Stay hungry, stay foolish. Kafka Agile WebSockets React Success doesn’t just find you. You have to go out and get it. Event-driven Architecture Happiness is not something ready made. It comes from your own actions. Opportunities don't happen. You create them.
Load Testing Blockchain Optimization Lambda Functions Cloud Functions Container Orchestration React
IoT NLP Framework DevOps Work hard in silence, let your success be your noise. Logging
Message Queue OAuth JWT A/B Testing DevOps Testing NLP Edge Computing Simplicity is the ultimate sophistication. Act as if what you do makes a difference. It does. To be the best, you must be able to handle the worst.
Latency Optimization CI/CD Testing Lambda Functions Event-driven Architecture Edge Computing Neural Networks Algorithm API WebSockets Predictive Analytics Simplicity is the ultimate sophistication. Work hard in silence, let your success be your noise. Cache Invalidation DNS Routing
Success doesn’t just find you. You have to go out and get it. Big Data Machine Learning WebSockets Firewalls React Security Event-driven Architecture Monitoring Algorithm OAuth Load Testing Happiness is not something ready made. It comes from your own actions.
